
**********************************************************
MIB Browser Started at : Tue Jul 21 14:39:01 CST 2020
**********************************************************
Building tree..
Adding file .\I1_mibs\mib_core.txt..Done
Adding file .\I1_mibs\RFC1213-MIB.my..Done
Adding file .\I1_mibs\RFC1229-MIB.my..Done
Adding file .\I1_mibs\RFC1231-MIB.my..Done
Adding file .\I1_mibs\RFC1243-MIB.my..Done
Adding file .\I1_mibs\RFC1253-MIB.my..Done
Adding file .\I1_mibs\RFC1271-MIB.my..Done
Adding file .\I1_mibs\RFC1285-MIB.my..Done
Adding file .\I1_mibs\RFC1315-MIB.my..Done
Adding file .\I1_mibs\RFC1381-MIB.my..Done
Adding file .\I1_mibs\RFC1382-MIB.my..Done
Adding file .\I1_mibs\RFC1398-MIB.my..Done
Adding file .\I1_mibs\RFC1406-MIB.my..Done
Adding file .\I1_mibs\root_mib.txt..Done
Updating orphans.
..............Done
Building OID Name resolution table...Updating variables table..
Done
*****COMPLETED******
Name   : IfExtnsRcvAddrEntry
Parent : 
Number : 0
Access : 
Syntax : 
 SEQUENCE {
ifExtnsRcvAddrIfIndex
INTEGER,
ifExtnsRcvAddress
PhysAddress,
ifExtnsRcvAddrStatus
INTEGER
}Status : 
Description :
Type :1

Name   : IpNetToMediaEntry
Parent : 
Number : 0
Access : 
Syntax : 
 SEQUENCE {
ipNetToMediaIfIndex
INTEGER,
ipNetToMediaPhysAddress
PhysAddress,
ipNetToMediaNetAddress
IpAddress,
ipNetToMediaType
INTEGER
}Status : 
Description :
Type :1


**********************************************************
MIB Browser Stopped at : Tue Jul 21 14:39:12 CST 2020
**********************************************************

**********************************************************
MIB Browser Started at : Tue Jul 21 14:47:44 CST 2020
**********************************************************
Building tree..
Adding file .\I1_mibs\mib_core.txt..Done
Adding file .\I1_mibs\RFC1213-MIB.my..Done
Adding file .\I1_mibs\RFC1229-MIB.my..Done
Adding file .\I1_mibs\RFC1231-MIB.my..Done
Adding file .\I1_mibs\RFC1243-MIB.my..Done
Adding file .\I1_mibs\RFC1253-MIB.my..Done
Adding file .\I1_mibs\RFC1271-MIB.my..Done
Adding file .\I1_mibs\RFC1285-MIB.my..Done
Adding file .\I1_mibs\RFC1315-MIB.my..Done
Adding file .\I1_mibs\RFC1381-MIB.my..Done
Adding file .\I1_mibs\RFC1382-MIB.my..Done
Adding file .\I1_mibs\RFC1398-MIB.my..Done
Adding file .\I1_mibs\RFC1406-MIB.my..Done
Adding file .\I1_mibs\root_mib.txt..Done
Updating orphans.
..............Done
Building OID Name resolution table...Updating variables table..
Done
*****COMPLETED******
Name   : member-body
Parent : iso
Number : 2
Access : 
Syntax : Status : 
Description :
Type :0

Name   : registration-authority
Parent : iso
Number : 1
Access : 
Syntax : Status : 
Description :
Type :0

Name   : EtherStatsEntry
Parent : 
Number : 0
Access : 
Syntax :  SEQUENCE {
etherStatsIndexINTEGER(1..65535),
etherStatsDataSourceOBJECTIDENTIFIER,
etherStatsDropEventsCounter,
etherStatsOctetsCounter,
etherStatsPktsCounter,
etherStatsBroadcastPktsCounter,
etherStatsMulticastPktsCounter,
etherStatsCRCAlignErrorsCounter,
etherStatsUndersizePktsCounter,
etherStatsOversizePktsCounter,
etherStatsFragmentsCounter,
etherStatsJabbersCounter,
etherStatsCollisionsCounter,
etherStatsPkts64OctetsCounter,
etherStatsPkts65to127OctetsCounter,
etherStatsPkts128to255OctetsCounter,
etherStatsPkts256to511OctetsCounter,
etherStatsPkts512to1023OctetsCounter,
etherStatsPkts1024to1518OctetsCounter,
etherStatsOwnerOwnerString,
etherStatsStatusEntryStatus
}Status : 
Description :
Type :1


**********************************************************
MIB Browser Stopped at : Tue Jul 21 14:48:32 CST 2020
**********************************************************

**********************************************************
MIB Browser Started at : Tue Jul 21 14:52:38 CST 2020
**********************************************************
Building tree..
Adding file .\I1_mibs\mib_core.txt..Done
Adding file .\I1_mibs\RFC1213-MIB.my..Done
Adding file .\I1_mibs\RFC1229-MIB.my..Done
Adding file .\I1_mibs\RFC1231-MIB.my..Done
Adding file .\I1_mibs\RFC1243-MIB.my..Done
Adding file .\I1_mibs\RFC1253-MIB.my..Done
Adding file .\I1_mibs\RFC1271-MIB.my..Done
Adding file .\I1_mibs\RFC1285-MIB.my..Done
Adding file .\I1_mibs\RFC1315-MIB.my..Done
Adding file .\I1_mibs\RFC1381-MIB.my..Done
Adding file .\I1_mibs\RFC1382-MIB.my..Done
Adding file .\I1_mibs\RFC1398-MIB.my..Done
Adding file .\I1_mibs\RFC1406-MIB.my..Done
Adding file .\I1_mibs\root_mib.txt..Done
Updating orphans.
..............Done
Building OID Name resolution table...Updating variables table..
Done
*****COMPLETED******

**********************************************************
MIB Browser Stopped at : Tue Jul 21 14:52:48 CST 2020
**********************************************************

**********************************************************
MIB Browser Started at : Tue Jul 21 14:53:52 CST 2020
**********************************************************
Building tree..
Adding file .\I1_mibs\mib_core.txt..Done
Adding file .\I1_mibs\mib_demo.txt..Done
Adding file .\I1_mibs\RFC1213-MIB.my..Done
Adding file .\I1_mibs\RFC1229-MIB.my..Done
Adding file .\I1_mibs\RFC1231-MIB.my..Done
Adding file .\I1_mibs\RFC1243-MIB.my..Done
Adding file .\I1_mibs\RFC1253-MIB.my..Done
Adding file .\I1_mibs\RFC1271-MIB.my..Done
Adding file .\I1_mibs\RFC1285-MIB.my..Done
Adding file .\I1_mibs\RFC1315-MIB.my..Done
Adding file .\I1_mibs\RFC1381-MIB.my..Done
Adding file .\I1_mibs\RFC1382-MIB.my..Done
Adding file .\I1_mibs\RFC1398-MIB.my..Done
Adding file .\I1_mibs\RFC1406-MIB.my..Done
Adding file .\I1_mibs\root_mib.txt..Done
Updating orphans.
.................Done
Building OID Name resolution table...Updating variables table..
Done
*****COMPLETED******
Name   : dot11QosRTSSuccessCount
Parent : dot11QosCountersEntry
Number : 7
Access :  read-only
Syntax :  Counter32
Status :  current
Description : 
 "This is a status variable. It is written by the MAC when a CTS frame is received in response to an RTS. This counter increments when a CTS frame is received in response to an RTS that has been sent for the transmission of an MPDU of a particular UP. This counter has relevance only for TIDs between 0 and7."
Type :3

Name   : dot11BSSLoadReassocAttemptCount
Parent : dot11BSSStatisticsEntry
Number : 5
Access :  read-only
Syntax :  Unsigned32 (0..4294967295)
Status :  current
Description : 
 "This is a status variable. It is written by the MLME. This object contains the count of the number of reassociation procedures started at the AP. It reports the count of such events since the AP started the operation of its BSS (i.e., since the last MLME-START.requestprimitive)."
Type :3

Name   : dot11QLoadReportDelay
Parent : dot11AVConfigEntry
Number : 5
Access :  read-write
Syntax :  Unsigned32 (1..60)
Status :  current
Description : 
 "This is a control variable. It is written by an external management entity. Changes take effect at the next MLMESTART.request primitive. This attribute describes the maximum number of seconds an AP delays sending an unsolicited QLoad Report actionframe."
Type :3

Name   : dot11QLoadReportDelay
Parent : dot11AVConfigEntry
Number : 5
Access :  read-write
Syntax :  Unsigned32 (1..60)
Status :  current
Description : 
 "This is a control variable. It is written by an external management entity. Changes take effect at the next MLMESTART.request primitive. This attribute describes the maximum number of seconds an AP delays sending an unsolicited QLoad Report actionframe."
Type :3


**********************************************************
MIB Browser Stopped at : Tue Jul 21 14:54:53 CST 2020
**********************************************************

**********************************************************
MIB Browser Started at : Tue Jul 21 14:55:19 CST 2020
**********************************************************
Building tree..
Adding file .\I1_mibs\mib_core.txt..Done
Adding file .\I1_mibs\mib_demo.txt..Done
Adding file .\I1_mibs\RFC1213-MIB.my..Done
Adding file .\I1_mibs\RFC1229-MIB.my..Done
Adding file .\I1_mibs\RFC1231-MIB.my..Done
Adding file .\I1_mibs\RFC1243-MIB.my..Done
Adding file .\I1_mibs\RFC1253-MIB.my..Done
Adding file .\I1_mibs\RFC1271-MIB.my..Done
Adding file .\I1_mibs\RFC1285-MIB.my..Done
Adding file .\I1_mibs\RFC1315-MIB.my..Done
Adding file .\I1_mibs\RFC1381-MIB.my..Done
Adding file .\I1_mibs\RFC1382-MIB.my..Done
Adding file .\I1_mibs\RFC1398-MIB.my..Done
Adding file .\I1_mibs\RFC1406-MIB.my..Done
Adding file .\I1_mibs\root_mib.txt..Done
Updating orphans.
.................Done
Building OID Name resolution table...Updating variables table..
Done
*****COMPLETED******
Name   : dot11NonAPStationVideoMSDUCount
Parent : dot11InterworkingEntry
Number : 27
Access :  read-only
Syntax :  Counter32
Status :  current
Description : 
 "This is a status variable. It is written by the AP's MAC after the completion of an MA-UNITDATA.confirm or MA-UNITDATA.indication primitive. For EDCA operation, this counter shall be incremented for each MSDU successfully transmitted by the AP on the video access category and for each MSDU successfully received on either user priority 4 or5."
Type :3

Name   : dot11NonAPStationAuthMaxBestEffortRate
Parent : dot11InterworkingEntry
Number : 10
Access :  is a control variable.
Syntax :  Unsigned32 (1..4294967295)
Status : 
Description :
Type :3

Name   : dot11NonAPStationAuthMaxHCCAHEMMOctets
Parent : dot11InterworkingEntry
Number : 16
Access :  read-only
Syntax :  Unsigned32 (0..4294967295)
Status :  current
Description : 
 "This is a control variable. It is written by the SME after the AP receives the permissions for the non-AP STA from the SSPN Interface. This attribute indicates the maximum authorized total octet count that a STA may use with HCCA or HEMM access. If this octet count is exceeded, the AP should disassociate the non-AP STA. A value of 0 indicates that there is no octetlimit."
Type :3

Name   : dot11APMacAddress
Parent : dot11BSSIdEntry
Number : 1
Access :  read-only
Syntax :  MacAddress
Status :  current
Description : 
 "This is a status variable. Changes take effect for the next MLME-START.request primitive. This object specifies the MAC address of the BSSID represented on a particular BSSID interface and uniquely identifies thisentry."
Type :3

 ******** Cancelled *********

Name   : dot11APMacAddress
Parent : dot11BSSIdEntry
Number : 1
Access :  read-only
Syntax :  MacAddress
Status :  current
Description : 
 "This is a status variable. Changes take effect for the next MLME-START.request primitive. This object specifies the MAC address of the BSSID represented on a particular BSSID interface and uniquely identifies thisentry."
Type :3


**********************************************************
MIB Browser Started at : Tue Jul 21 18:26:54 CST 2020
**********************************************************
Building tree..
Adding file C:\Users\zhuzj5\Desktop\zbin\I1_mibs\mib_core.txt..Done
Adding file C:\Users\zhuzj5\Desktop\zbin\I1_mibs\mib_demo.txt..Done
Adding file C:\Users\zhuzj5\Desktop\zbin\I1_mibs\RFC1213-MIB.my..Done
Adding file C:\Users\zhuzj5\Desktop\zbin\I1_mibs\RFC1229-MIB.my..Done
Adding file C:\Users\zhuzj5\Desktop\zbin\I1_mibs\RFC1231-MIB.my..Done
Adding file C:\Users\zhuzj5\Desktop\zbin\I1_mibs\RFC1243-MIB.my..Done
Adding file C:\Users\zhuzj5\Desktop\zbin\I1_mibs\RFC1253-MIB.my..Done
Adding file C:\Users\zhuzj5\Desktop\zbin\I1_mibs\RFC1271-MIB.my..Done
Adding file C:\Users\zhuzj5\Desktop\zbin\I1_mibs\RFC1285-MIB.my..Done
Adding file C:\Users\zhuzj5\Desktop\zbin\I1_mibs\RFC1315-MIB.my..Done
Adding file C:\Users\zhuzj5\Desktop\zbin\I1_mibs\RFC1381-MIB.my..Done
Adding file C:\Users\zhuzj5\Desktop\zbin\I1_mibs\RFC1382-MIB.my..Done
Adding file C:\Users\zhuzj5\Desktop\zbin\I1_mibs\RFC1398-MIB.my..Done
Adding file C:\Users\zhuzj5\Desktop\zbin\I1_mibs\RFC1406-MIB.my..Done
Adding file C:\Users\zhuzj5\Desktop\zbin\I1_mibs\root_mib.txt..Done
Updating orphans.
.................Done
Building OID Name resolution table...Updating variables table..
Done
*****COMPLETED******

**********************************************************
MIB Browser Stopped at : Tue Jul 21 18:27:00 CST 2020
**********************************************************
